<?xml version="1.0" encoding="UTF-8"?>
<!-- Generated by org.testng.reporters.JUnitReportReporter -->
<testsuite hostname="VinnchenkoLI" name="com.example.tests.GroupModificationTests" tests="5" failures="0" timestamp="22 Mar 2014 10:50:06 GMT" time="7.729" errors="0">
  <testcase name="modifySomeGroup" time="1.316" classname="com.example.tests.GroupModificationTests"/>
  <testcase name="modifySomeGroup" time="1.382" classname="com.example.tests.GroupModificationTests"/>
  <testcase name="modifySomeGroup" time="1.402" classname="com.example.tests.GroupModificationTests"/>
  <testcase name="modifySomeGroup" time="1.404" classname="com.example.tests.GroupModificationTests"/>
  <testcase name="modifySomeGroup" time="2.225" classname="com.example.tests.GroupModificationTests"/>
</testsuite> <!-- com.example.tests.GroupModificationTests -->
