<?xml version="1.0" encoding="UTF-8"?>
<!-- Generated by org.testng.reporters.JUnitReportReporter -->
<testsuite hostname="VinnchenkoLI" name="com.example.tests.GroupCreationTests" tests="10" failures="0" timestamp="20 Apr 2014 13:08:51 GMT" time="12.999" errors="0">
  <testcase name="testValidGroupCreationWishValidData" time="1.148" classname="com.example.tests.GroupCreationTests"/>
  <testcase name="testValidGroupCreationWishValidData" time="0.967" classname="com.example.tests.GroupCreationTests"/>
  <testcase name="testValidGroupCreationWishValidData" time="1.115" classname="com.example.tests.GroupCreationTests"/>
  <testcase name="testValidGroupCreationWishValidData" time="1.141" classname="com.example.tests.GroupCreationTests"/>
  <testcase name="testValidGroupCreationWishValidData" time="1.180" classname="com.example.tests.GroupCreationTests"/>
  <testcase name="testValidGroupCreationWishValidData" time="1.163" classname="com.example.tests.GroupCreationTests"/>
  <testcase name="testValidGroupCreationWishValidData" time="1.085" classname="com.example.tests.GroupCreationTests"/>
  <testcase name="testValidGroupCreationWishValidData" time="1.252" classname="com.example.tests.GroupCreationTests"/>
  <testcase name="testValidGroupCreationWishValidData" time="2.705" classname="com.example.tests.GroupCreationTests"/>
  <testcase name="testValidGroupCreationWishValidData" time="1.243" classname="com.example.tests.GroupCreationTests"/>
</testsuite> <!-- com.example.tests.GroupCreationTests -->
