<?xml version="1.0" encoding="UTF-8"?>
<!-- Generated by org.testng.reporters.JUnitReportReporter -->
<testsuite hostname="VinnchenkoLI" name="com.example.tests.ContactRemovalTests" tests="1" failures="0" timestamp="5 Apr 2014 05:28:39 GMT" time="7.238" errors="0">
  <testcase name="deleteSomeContact" time="7.238" classname="com.example.tests.ContactRemovalTests"/>
</testsuite> <!-- com.example.tests.ContactRemovalTests -->
