<?xml version="1.0" encoding="UTF-8"?>
<!-- Generated by org.testng.reporters.JUnitReportReporter -->
<testsuite hostname="VinnchenkoLI" name="com.example.tests.ContactModificationTests" tests="5" failures="0" timestamp="3 Apr 2014 06:47:31 GMT" time="164.602" errors="0">
  <testcase name="contactModificationTests" time="32.937" classname="com.example.tests.ContactModificationTests"/>
  <testcase name="contactModificationTests" time="33.056" classname="com.example.tests.ContactModificationTests"/>
  <testcase name="contactModificationTests" time="33.043" classname="com.example.tests.ContactModificationTests"/>
  <testcase name="contactModificationTests" time="32.714" classname="com.example.tests.ContactModificationTests"/>
  <testcase name="contactModificationTests" time="32.852" classname="com.example.tests.ContactModificationTests"/>
</testsuite> <!-- com.example.tests.ContactModificationTests -->
