<?xml version="1.0" encoding="UTF-8"?>
<!-- Generated by org.testng.reporters.JUnitReportReporter -->
<testsuite hostname="VinnchenkoLI" name="com.example.tests.ContactCreationTests" tests="5" failures="0" timestamp="5 Apr 2014 05:25:00 GMT" time="50.514" errors="0">
  <testcase name="testContactCreationWithValidData" time="8.908" classname="com.example.tests.ContactCreationTests"/>
  <testcase name="testContactCreationWithValidData" time="14.883" classname="com.example.tests.ContactCreationTests"/>
  <testcase name="testContactCreationWithValidData" time="5.039" classname="com.example.tests.ContactCreationTests"/>
  <testcase name="testContactCreationWithValidData" time="5.460" classname="com.example.tests.ContactCreationTests"/>
  <testcase name="testContactCreationWithValidData" time="16.224" classname="com.example.tests.ContactCreationTests"/>
</testsuite> <!-- com.example.tests.ContactCreationTests -->
