<?xml version="1.0" encoding="UTF-8"?>
<!-- Generated by org.testng.reporters.JUnitReportReporter -->
<testsuite hostname="VinnchenkoLI" name="com.example.tests.GroupModificationTests" tests="5" failures="0" timestamp="26 Mar 2014 10:19:09 GMT" time="9.757" errors="0">
  <testcase name="modifySomeGroup" time="2.768" classname="com.example.tests.GroupModificationTests"/>
  <testcase name="modifySomeGroup" time="1.785" classname="com.example.tests.GroupModificationTests"/>
  <testcase name="modifySomeGroup" time="1.753" classname="com.example.tests.GroupModificationTests"/>
  <testcase name="modifySomeGroup" time="1.677" classname="com.example.tests.GroupModificationTests"/>
  <testcase name="modifySomeGroup" time="1.774" classname="com.example.tests.GroupModificationTests"/>
</testsuite> <!-- com.example.tests.GroupModificationTests -->
