<?xml version="1.0" encoding="UTF-8"?>
<!-- Generated by org.testng.reporters.JUnitReportReporter -->
<testsuite hostname="VinnchenkoLI" name="com.example.tests.ContactCreationTests" tests="5" failures="0" timestamp="30 Mar 2014 10:52:48 GMT" time="17.039" errors="0">
  <testcase name="testContactCreationWithValidData" time="3.380" classname="com.example.tests.ContactCreationTests"/>
  <testcase name="testContactCreationWithValidData" time="3.197" classname="com.example.tests.ContactCreationTests"/>
  <testcase name="testContactCreationWithValidData" time="3.522" classname="com.example.tests.ContactCreationTests"/>
  <testcase name="testContactCreationWithValidData" time="3.512" classname="com.example.tests.ContactCreationTests"/>
  <testcase name="testContactCreationWithValidData" time="3.428" classname="com.example.tests.ContactCreationTests"/>
</testsuite> <!-- com.example.tests.ContactCreationTests -->
