<?xml version="1.0" encoding="UTF-8"?>
<!-- Generated by org.testng.reporters.JUnitReportReporter -->
<testsuite hostname="VinnchenkoLI" name="com.example.tests.GroupRemovalTests" tests="1" failures="0" timestamp="19 Mar 2014 08:48:23 GMT" time="0.681" errors="0">
  <testcase name="deleteSomeGroup" time="0.681" classname="com.example.tests.GroupRemovalTests"/>
</testsuite> <!-- com.example.tests.GroupRemovalTests -->
