<?xml version="1.0" encoding="UTF-8"?>
<!-- Generated by org.testng.reporters.JUnitReportReporter -->
<testsuite hostname="VinnchenkoLI" name="com.example.tests.ContactCreationTests" tests="1" failures="0" timestamp="22 Apr 2014 10:26:07 GMT" time="6.575" errors="0">
  <testcase name="testContactCreationWithValidData" time="6.575" classname="com.example.tests.ContactCreationTests"/>
</testsuite> <!-- com.example.tests.ContactCreationTests -->
