<?xml version="1.0" encoding="UTF-8"?>
<!-- Generated by org.testng.reporters.JUnitReportReporter -->
<testsuite hostname="VinnchenkoLI" name="com.example.tests.GroupCreationTests" tests="5" failures="0" timestamp="22 Mar 2014 10:50:06 GMT" time="7.144" errors="0">
  <testcase name="testValidGroupCreationWishValidData" time="1.446" classname="com.example.tests.GroupCreationTests"/>
  <testcase name="testValidGroupCreationWishValidData" time="1.443" classname="com.example.tests.GroupCreationTests"/>
  <testcase name="testValidGroupCreationWishValidData" time="1.380" classname="com.example.tests.GroupCreationTests"/>
  <testcase name="testValidGroupCreationWishValidData" time="1.529" classname="com.example.tests.GroupCreationTests"/>
  <testcase name="testValidGroupCreationWishValidData" time="1.346" classname="com.example.tests.GroupCreationTests"/>
</testsuite> <!-- com.example.tests.GroupCreationTests -->
