<?xml version="1.0" encoding="UTF-8"?>
<!-- Generated by org.testng.reporters.JUnitReportReporter -->
<testsuite hostname="VinnchenkoLI" name="com.example.tests.ContactCreationTests" tests="5" failures="0" timestamp="25 Mar 2014 03:07:11 GMT" time="68.291" errors="0">
  <testcase name="testContactCreationWithValidData" time="10.210" classname="com.example.tests.ContactCreationTests"/>
  <testcase name="testContactCreationWithValidData" time="11.456" classname="com.example.tests.ContactCreationTests"/>
  <testcase name="testContactCreationWithValidData" time="15.472" classname="com.example.tests.ContactCreationTests"/>
  <testcase name="testContactCreationWithValidData" time="22.328" classname="com.example.tests.ContactCreationTests"/>
  <testcase name="testContactCreationWithValidData" time="8.825" classname="com.example.tests.ContactCreationTests"/>
</testsuite> <!-- com.example.tests.ContactCreationTests -->
