<?xml version="1.0" encoding="UTF-8"?>
<!-- Generated by org.testng.reporters.JUnitReportReporter -->
<testsuite hostname="VinnchenkoLI" name="com.example.tests.GroupModificationTests" tests="5" failures="0" timestamp="30 Mar 2014 05:09:31 GMT" time="9.952" errors="0">
  <testcase name="modifySomeGroup" time="2.025" classname="com.example.tests.GroupModificationTests"/>
  <testcase name="modifySomeGroup" time="1.618" classname="com.example.tests.GroupModificationTests"/>
  <testcase name="modifySomeGroup" time="2.717" classname="com.example.tests.GroupModificationTests"/>
  <testcase name="modifySomeGroup" time="1.739" classname="com.example.tests.GroupModificationTests"/>
  <testcase name="modifySomeGroup" time="1.853" classname="com.example.tests.GroupModificationTests"/>
</testsuite> <!-- com.example.tests.GroupModificationTests -->
