<?xml version="1.0" encoding="UTF-8"?>
<!-- Generated by org.testng.reporters.JUnitReportReporter -->
<testsuite hostname="VinnchenkoLI" name="com.example.tests.ContactRemovalTests" tests="1" failures="0" timestamp="25 Apr 2014 11:36:46 GMT" time="5.130" errors="0">
  <testcase name="deleteSomeContact" time="5.130" classname="com.example.tests.ContactRemovalTests"/>
</testsuite> <!-- com.example.tests.ContactRemovalTests -->
