<?xml version="1.0" encoding="UTF-8"?>
<!-- Generated by org.testng.reporters.JUnitReportReporter -->
<testsuite hostname="VinnchenkoLI" name="com.example.tests.ContactModificationTests" tests="5" failures="0" timestamp="31 Mar 2014 03:03:02 GMT" time="22.901" errors="0">
  <testcase name="contactModificationTests" time="4.573" classname="com.example.tests.ContactModificationTests"/>
  <testcase name="contactModificationTests" time="5.127" classname="com.example.tests.ContactModificationTests"/>
  <testcase name="contactModificationTests" time="4.600" classname="com.example.tests.ContactModificationTests"/>
  <testcase name="contactModificationTests" time="4.333" classname="com.example.tests.ContactModificationTests"/>
  <testcase name="contactModificationTests" time="4.268" classname="com.example.tests.ContactModificationTests"/>
</testsuite> <!-- com.example.tests.ContactModificationTests -->
