<?xml version="1.0" encoding="UTF-8"?>
<!-- Generated by org.testng.reporters.JUnitReportReporter -->
<testsuite hostname="VinnchenkoLI" name="com.example.tests.GroupModificationTests" tests="10" failures="0" timestamp="20 Apr 2014 06:33:13 GMT" time="13.439" errors="0">
  <testcase name="modifySomeGroup" time="1.189" classname="com.example.tests.GroupModificationTests"/>
  <testcase name="modifySomeGroup" time="1.144" classname="com.example.tests.GroupModificationTests"/>
  <testcase name="modifySomeGroup" time="1.233" classname="com.example.tests.GroupModificationTests"/>
  <testcase name="modifySomeGroup" time="0.982" classname="com.example.tests.GroupModificationTests"/>
  <testcase name="modifySomeGroup" time="1.287" classname="com.example.tests.GroupModificationTests"/>
  <testcase name="modifySomeGroup" time="2.962" classname="com.example.tests.GroupModificationTests"/>
  <testcase name="modifySomeGroup" time="1.182" classname="com.example.tests.GroupModificationTests"/>
  <testcase name="modifySomeGroup" time="1.134" classname="com.example.tests.GroupModificationTests"/>
  <testcase name="modifySomeGroup" time="1.187" classname="com.example.tests.GroupModificationTests"/>
  <testcase name="modifySomeGroup" time="1.139" classname="com.example.tests.GroupModificationTests"/>
</testsuite> <!-- com.example.tests.GroupModificationTests -->
