<?xml version="1.0" encoding="UTF-8"?>
<!-- Generated by org.testng.reporters.JUnitReportReporter -->
<testsuite hostname="VinnchenkoLI" name="com.example.tests.GroupModificationTests" tests="10" failures="0" timestamp="25 Apr 2014 11:13:11 GMT" time="21.261" errors="0">
  <testcase name="modifySomeGroup" time="1.913" classname="com.example.tests.GroupModificationTests"/>
  <testcase name="modifySomeGroup" time="2.004" classname="com.example.tests.GroupModificationTests"/>
  <testcase name="modifySomeGroup" time="1.905" classname="com.example.tests.GroupModificationTests"/>
  <testcase name="modifySomeGroup" time="1.771" classname="com.example.tests.GroupModificationTests"/>
  <testcase name="modifySomeGroup" time="4.011" classname="com.example.tests.GroupModificationTests"/>
  <testcase name="modifySomeGroup" time="1.845" classname="com.example.tests.GroupModificationTests"/>
  <testcase name="modifySomeGroup" time="1.867" classname="com.example.tests.GroupModificationTests"/>
  <testcase name="modifySomeGroup" time="1.553" classname="com.example.tests.GroupModificationTests"/>
  <testcase name="modifySomeGroup" time="2.516" classname="com.example.tests.GroupModificationTests"/>
  <testcase name="modifySomeGroup" time="1.876" classname="com.example.tests.GroupModificationTests"/>
</testsuite> <!-- com.example.tests.GroupModificationTests -->
