<?xml version="1.0" encoding="UTF-8"?>
<!-- Generated by org.testng.reporters.JUnitReportReporter -->
<testsuite hostname="VinnchenkoLI" name="com.example.tests.ContactModificationTests" tests="5" failures="0" timestamp="30 Mar 2014 05:14:00 GMT" time="22.382" errors="0">
  <testcase name="contactModificationTests" time="4.859" classname="com.example.tests.ContactModificationTests"/>
  <testcase name="contactModificationTests" time="4.396" classname="com.example.tests.ContactModificationTests"/>
  <testcase name="contactModificationTests" time="4.430" classname="com.example.tests.ContactModificationTests"/>
  <testcase name="contactModificationTests" time="4.302" classname="com.example.tests.ContactModificationTests"/>
  <testcase name="contactModificationTests" time="4.395" classname="com.example.tests.ContactModificationTests"/>
</testsuite> <!-- com.example.tests.ContactModificationTests -->
