<?xml version="1.0" encoding="UTF-8"?>
<!-- Generated by org.testng.reporters.JUnitReportReporter -->
<testsuite hostname="VinnchenkoLI" name="com.example.tests.ContactCreationTests" tests="1" failures="0" timestamp="25 Apr 2014 11:04:48 GMT" time="7.062" errors="0">
  <testcase name="testContactCreationWithValidData" time="7.062" classname="com.example.tests.ContactCreationTests"/>
</testsuite> <!-- com.example.tests.ContactCreationTests -->
