<?xml version="1.0" encoding="UTF-8"?>
<!-- Generated by org.testng.reporters.JUnitReportReporter -->
<testsuite hostname="VinnchenkoLI" name="com.example.tests.ContactRemovalTests" tests="1" failures="0" timestamp="30 Mar 2014 09:14:15 GMT" time="32.048" errors="0">
  <testcase name="deleteSomeContact" time="32.048" classname="com.example.tests.ContactRemovalTests"/>
</testsuite> <!-- com.example.tests.ContactRemovalTests -->
