<?xml version="1.0" encoding="UTF-8"?>
<!-- Generated by org.testng.reporters.JUnitReportReporter -->
<testsuite hostname="VinnchenkoLI" name="com.example.tests.GroupCreationTests" tests="5" failures="0" timestamp="23 Mar 2014 05:20:36 GMT" time="6.659" errors="0">
  <testcase name="testValidGroupCreationWishValidData" time="1.331" classname="com.example.tests.GroupCreationTests"/>
  <testcase name="testValidGroupCreationWishValidData" time="1.274" classname="com.example.tests.GroupCreationTests"/>
  <testcase name="testValidGroupCreationWishValidData" time="1.340" classname="com.example.tests.GroupCreationTests"/>
  <testcase name="testValidGroupCreationWishValidData" time="1.309" classname="com.example.tests.GroupCreationTests"/>
  <testcase name="testValidGroupCreationWishValidData" time="1.405" classname="com.example.tests.GroupCreationTests"/>
</testsuite> <!-- com.example.tests.GroupCreationTests -->
