<?xml version="1.0" encoding="UTF-8"?>
<!-- Generated by org.testng.reporters.JUnitReportReporter -->
<testsuite hostname="VinnchenkoLI" name="com.example.tests.GroupRemovalTests" tests="1" failures="0" timestamp="5 Apr 2014 08:49:05 GMT" time="6.257" errors="0">
  <testcase name="deleteSomeGroup" time="6.257" classname="com.example.tests.GroupRemovalTests"/>
</testsuite> <!-- com.example.tests.GroupRemovalTests -->
