<?xml version="1.0" encoding="UTF-8"?>
<!-- Generated by org.testng.reporters.JUnitReportReporter -->
<testsuite hostname="VinnchenkoLI" name="com.example.tests.ContactCreationTests" tests="5" failures="0" timestamp="30 Mar 2014 04:16:10 GMT" time="24.305" errors="0">
  <testcase name="testContactCreationWithValidData" time="4.820" classname="com.example.tests.ContactCreationTests"/>
  <testcase name="testContactCreationWithValidData" time="4.633" classname="com.example.tests.ContactCreationTests"/>
  <testcase name="testContactCreationWithValidData" time="4.852" classname="com.example.tests.ContactCreationTests"/>
  <testcase name="testContactCreationWithValidData" time="5.398" classname="com.example.tests.ContactCreationTests"/>
  <testcase name="testContactCreationWithValidData" time="4.602" classname="com.example.tests.ContactCreationTests"/>
</testsuite> <!-- com.example.tests.ContactCreationTests -->
