<?xml version="1.0" encoding="UTF-8"?>
<!-- Generated by org.testng.reporters.JUnitReportReporter -->
<testsuite hostname="VinnchenkoLI" name="com.example.tests.ContactModificationTests" tests="1" failures="0" timestamp="23 Mar 2014 14:38:19 GMT" time="1.211" errors="0">
  <testcase name="contactModificationTests" time="1.211" classname="com.example.tests.ContactModificationTests"/>
</testsuite> <!-- com.example.tests.ContactModificationTests -->
