<?xml version="1.0" encoding="UTF-8"?>
<!-- Generated by org.testng.reporters.JUnitReportReporter -->
<testsuite hostname="VinnchenkoLI" name="com.example.tests.GroupModificationTests" tests="5" failures="0" timestamp="30 Mar 2014 08:48:56 GMT" time="6.307" errors="0">
  <testcase name="modifySomeGroup" time="1.054" classname="com.example.tests.GroupModificationTests"/>
  <testcase name="modifySomeGroup" time="1.924" classname="com.example.tests.GroupModificationTests"/>
  <testcase name="modifySomeGroup" time="1.047" classname="com.example.tests.GroupModificationTests"/>
  <testcase name="modifySomeGroup" time="1.164" classname="com.example.tests.GroupModificationTests"/>
  <testcase name="modifySomeGroup" time="1.118" classname="com.example.tests.GroupModificationTests"/>
</testsuite> <!-- com.example.tests.GroupModificationTests -->
