<?xml version="1.0" encoding="UTF-8"?>
<!-- Generated by org.testng.reporters.JUnitReportReporter -->
<testsuite hostname="VinnchenkoLI" name="com.example.tests.GroupRemovalTests" tests="1" failures="0" timestamp="22 Mar 2014 10:50:06 GMT" time="1.231" errors="0">
  <testcase name="deleteSomeGroup" time="1.231" classname="com.example.tests.GroupRemovalTests"/>
</testsuite> <!-- com.example.tests.GroupRemovalTests -->
