<?xml version="1.0" encoding="UTF-8"?>
<!-- Generated by org.testng.reporters.JUnitReportReporter -->
<testsuite hostname="VinnchenkoLI" name="com.example.tests.GroupModificationTests" tests="1" failures="0" timestamp="19 Mar 2014 08:30:56 GMT" time="3.134" errors="0">
  <testcase name="modifySomeGroup" time="3.134" classname="com.example.tests.GroupModificationTests"/>
</testsuite> <!-- com.example.tests.GroupModificationTests -->
