<?xml version="1.0" encoding="UTF-8"?>
<!-- Generated by org.testng.reporters.JUnitReportReporter -->
<testsuite hostname="VinnchenkoLI" name="com.example.tests.ContactRemovalTests" tests="1" failures="0" timestamp="19 Mar 2014 08:30:56 GMT" time="0.743" errors="0">
  <testcase name="deleteSomeContact" time="0.743" classname="com.example.tests.ContactRemovalTests"/>
</testsuite> <!-- com.example.tests.ContactRemovalTests -->
