<?xml version="1.0" encoding="UTF-8"?>
<!-- Generated by org.testng.reporters.JUnitReportReporter -->
<testsuite hostname="VinnchenkoLI" name="com.example.tests.ContactModificationTests" tests="1" failures="0" timestamp="22 Apr 2014 10:40:21 GMT" time="40.647" errors="0">
  <testcase name="contactModificationTests" time="40.647" classname="com.example.tests.ContactModificationTests"/>
</testsuite> <!-- com.example.tests.ContactModificationTests -->
