<?xml version="1.0" encoding="UTF-8"?>
<!-- Generated by org.testng.reporters.JUnitReportReporter -->
<testsuite hostname="VinnchenkoLI" name="com.example.tests.GroupCreationTests" tests="10" failures="0" timestamp="5 Apr 2014 12:27:10 GMT" time="18.861" errors="0">
  <testcase name="testValidGroupCreationWishValidData" time="3.229" classname="com.example.tests.GroupCreationTests"/>
  <testcase name="testValidGroupCreationWishValidData" time="1.716" classname="com.example.tests.GroupCreationTests"/>
  <testcase name="testValidGroupCreationWishValidData" time="1.794" classname="com.example.tests.GroupCreationTests"/>
  <testcase name="testValidGroupCreationWishValidData" time="1.826" classname="com.example.tests.GroupCreationTests"/>
  <testcase name="testValidGroupCreationWishValidData" time="1.778" classname="com.example.tests.GroupCreationTests"/>
  <testcase name="testValidGroupCreationWishValidData" time="1.747" classname="com.example.tests.GroupCreationTests"/>
  <testcase name="testValidGroupCreationWishValidData" time="1.576" classname="com.example.tests.GroupCreationTests"/>
  <testcase name="testValidGroupCreationWishValidData" time="1.700" classname="com.example.tests.GroupCreationTests"/>
  <testcase name="testValidGroupCreationWishValidData" time="1.701" classname="com.example.tests.GroupCreationTests"/>
  <testcase name="testValidGroupCreationWishValidData" time="1.794" classname="com.example.tests.GroupCreationTests"/>
</testsuite> <!-- com.example.tests.GroupCreationTests -->
