<?xml version="1.0" encoding="UTF-8"?>
<!-- Generated by org.testng.reporters.JUnitReportReporter -->
<testsuite hostname="VinnchenkoLI" name="com.example.tests.ContactCreationTests" tests="1" failures="0" timestamp="5 Apr 2014 09:40:50 GMT" time="19.331" errors="0">
  <testcase name="testContactCreationWithValidData" time="19.331" classname="com.example.tests.ContactCreationTests"/>
</testsuite> <!-- com.example.tests.ContactCreationTests -->
