<?xml version="1.0" encoding="UTF-8"?>
<!-- Generated by org.testng.reporters.JUnitReportReporter -->
<testsuite hostname="VinnchenkoLI" name="com.example.tests.GroupModificationTests" tests="1" failures="0" timestamp="19 Mar 2014 08:48:23 GMT" time="2.023" errors="0">
  <testcase name="modifySomeGroup" time="2.023" classname="com.example.tests.GroupModificationTests"/>
</testsuite> <!-- com.example.tests.GroupModificationTests -->
