<?xml version="1.0" encoding="UTF-8"?>
<!-- Generated by org.testng.reporters.JUnitReportReporter -->
<testsuite hostname="VinnchenkoLI" name="com.example.tests.ContactModificationTests" tests="5" failures="0" timestamp="30 Mar 2014 09:14:15 GMT" time="13.383" errors="0">
  <testcase name="contactModificationTests" time="2.687" classname="com.example.tests.ContactModificationTests"/>
  <testcase name="contactModificationTests" time="2.937" classname="com.example.tests.ContactModificationTests"/>
  <testcase name="contactModificationTests" time="2.559" classname="com.example.tests.ContactModificationTests"/>
  <testcase name="contactModificationTests" time="2.572" classname="com.example.tests.ContactModificationTests"/>
  <testcase name="contactModificationTests" time="2.628" classname="com.example.tests.ContactModificationTests"/>
</testsuite> <!-- com.example.tests.ContactModificationTests -->
