<?xml version="1.0" encoding="UTF-8"?>
<!-- Generated by org.testng.reporters.JUnitReportReporter -->
<testsuite hostname="VinnchenkoLI" name="com.example.tests.ContactModificationTests" tests="1" failures="0" timestamp="25 Apr 2014 11:28:29 GMT" time="40.736" errors="0">
  <testcase name="contactModificationTests" time="40.736" classname="com.example.tests.ContactModificationTests"/>
</testsuite> <!-- com.example.tests.ContactModificationTests -->
