<?xml version="1.0" encoding="UTF-8"?>
<!-- Generated by org.testng.reporters.JUnitReportReporter -->
<testsuite hostname="VinnchenkoLI" name="com.example.tests.ContactModificationTests" tests="5" failures="0" timestamp="5 Apr 2014 05:28:13 GMT" time="179.699" errors="0">
  <testcase name="contactModificationTests" time="38.595" classname="com.example.tests.ContactModificationTests"/>
  <testcase name="contactModificationTests" time="35.288" classname="com.example.tests.ContactModificationTests"/>
  <testcase name="contactModificationTests" time="35.163" classname="com.example.tests.ContactModificationTests"/>
  <testcase name="contactModificationTests" time="35.303" classname="com.example.tests.ContactModificationTests"/>
  <testcase name="contactModificationTests" time="35.350" classname="com.example.tests.ContactModificationTests"/>
</testsuite> <!-- com.example.tests.ContactModificationTests -->
