<?xml version="1.0" encoding="UTF-8"?>
<!-- Generated by org.testng.reporters.JUnitReportReporter -->
<testsuite hostname="VinnchenkoLI" name="com.example.tests.ContactCreationTests" tests="5" failures="0" timestamp="26 Mar 2014 11:03:24 GMT" time="28.242" errors="0">
  <testcase name="testContactCreationWithValidData" time="7.344" classname="com.example.tests.ContactCreationTests"/>
  <testcase name="testContactCreationWithValidData" time="5.842" classname="com.example.tests.ContactCreationTests"/>
  <testcase name="testContactCreationWithValidData" time="5.895" classname="com.example.tests.ContactCreationTests"/>
  <testcase name="testContactCreationWithValidData" time="4.638" classname="com.example.tests.ContactCreationTests"/>
  <testcase name="testContactCreationWithValidData" time="4.523" classname="com.example.tests.ContactCreationTests"/>
</testsuite> <!-- com.example.tests.ContactCreationTests -->
