<?xml version="1.0" encoding="UTF-8"?>
<!-- Generated by org.testng.reporters.JUnitReportReporter -->
<testsuite hostname="VinnchenkoLI" name="com.example.tests.GroupModificationTests" tests="5" failures="0" timestamp="23 Mar 2014 05:20:36 GMT" time="7.604" errors="0">
  <testcase name="modifySomeGroup" time="1.448" classname="com.example.tests.GroupModificationTests"/>
  <testcase name="modifySomeGroup" time="1.254" classname="com.example.tests.GroupModificationTests"/>
  <testcase name="modifySomeGroup" time="2.300" classname="com.example.tests.GroupModificationTests"/>
  <testcase name="modifySomeGroup" time="1.304" classname="com.example.tests.GroupModificationTests"/>
  <testcase name="modifySomeGroup" time="1.298" classname="com.example.tests.GroupModificationTests"/>
</testsuite> <!-- com.example.tests.GroupModificationTests -->
