<?xml version="1.0" encoding="UTF-8"?>
<!-- Generated by org.testng.reporters.JUnitReportReporter -->
<testsuite hostname="VinnchenkoLI" name="com.example.tests.ContactModificationTests" tests="1" failures="0" timestamp="26 Mar 2014 10:43:19 GMT" time="2.501" errors="0">
  <testcase name="contactModificationTests" time="2.501" classname="com.example.tests.ContactModificationTests"/>
</testsuite> <!-- com.example.tests.ContactModificationTests -->
