<?xml version="1.0" encoding="UTF-8"?>
<!-- Generated by org.testng.reporters.JUnitReportReporter -->
<testsuite hostname="VinnchenkoLI" name="com.example.tests.ContactModificationTests" tests="5" failures="0" timestamp="30 Mar 2014 05:10:03 GMT" time="21.003" errors="0">
  <testcase name="contactModificationTests" time="4.040" classname="com.example.tests.ContactModificationTests"/>
  <testcase name="contactModificationTests" time="4.030" classname="com.example.tests.ContactModificationTests"/>
  <testcase name="contactModificationTests" time="4.667" classname="com.example.tests.ContactModificationTests"/>
  <testcase name="contactModificationTests" time="4.130" classname="com.example.tests.ContactModificationTests"/>
  <testcase name="contactModificationTests" time="4.136" classname="com.example.tests.ContactModificationTests"/>
</testsuite> <!-- com.example.tests.ContactModificationTests -->
