<?xml version="1.0" encoding="UTF-8"?>
<!-- Generated by org.testng.reporters.JUnitReportReporter -->
<testsuite hostname="VinnchenkoLI" name="com.example.tests.ContactRemovalTests" tests="1" failures="0" timestamp="25 Apr 2014 11:20:12 GMT" time="8.942" errors="0">
  <testcase name="deleteSomeContact" time="8.942" classname="com.example.tests.ContactRemovalTests"/>
</testsuite> <!-- com.example.tests.ContactRemovalTests -->
