<?xml version="1.0" encoding="UTF-8"?>
<!-- Generated by org.testng.reporters.JUnitReportReporter -->
<testsuite hostname="VinnchenkoLI" name="com.example.tests.ContactCreationTests" tests="5" failures="0" timestamp="3 Apr 2014 05:05:46 GMT" time="76.828" errors="0">
  <testcase name="testContactCreationWithValidData" time="7.346" classname="com.example.tests.ContactCreationTests"/>
  <testcase name="testContactCreationWithValidData" time="15.735" classname="com.example.tests.ContactCreationTests"/>
  <testcase name="testContactCreationWithValidData" time="6.030" classname="com.example.tests.ContactCreationTests"/>
  <testcase name="testContactCreationWithValidData" time="24.124" classname="com.example.tests.ContactCreationTests"/>
  <testcase name="testContactCreationWithValidData" time="23.593" classname="com.example.tests.ContactCreationTests"/>
</testsuite> <!-- com.example.tests.ContactCreationTests -->
