<?xml version="1.0" encoding="UTF-8"?>
<!-- Generated by org.testng.reporters.JUnitReportReporter -->
<testsuite hostname="VinnchenkoLI" name="com.example.tests.GroupModificationTests" tests="10" failures="0" timestamp="5 Apr 2014 11:14:50 GMT" time="15.756" errors="0">
  <testcase name="modifySomeGroup" time="1.419" classname="com.example.tests.GroupModificationTests"/>
  <testcase name="modifySomeGroup" time="1.435" classname="com.example.tests.GroupModificationTests"/>
  <testcase name="modifySomeGroup" time="1.498" classname="com.example.tests.GroupModificationTests"/>
  <testcase name="modifySomeGroup" time="1.341" classname="com.example.tests.GroupModificationTests"/>
  <testcase name="modifySomeGroup" time="1.591" classname="com.example.tests.GroupModificationTests"/>
  <testcase name="modifySomeGroup" time="1.466" classname="com.example.tests.GroupModificationTests"/>
  <testcase name="modifySomeGroup" time="1.435" classname="com.example.tests.GroupModificationTests"/>
  <testcase name="modifySomeGroup" time="2.559" classname="com.example.tests.GroupModificationTests"/>
  <testcase name="modifySomeGroup" time="1.607" classname="com.example.tests.GroupModificationTests"/>
  <testcase name="modifySomeGroup" time="1.405" classname="com.example.tests.GroupModificationTests"/>
</testsuite> <!-- com.example.tests.GroupModificationTests -->
