<?xml version="1.0" encoding="UTF-8"?>
<!-- Generated by org.testng.reporters.JUnitReportReporter -->
<testsuite hostname="VinnchenkoLI" name="com.example.tests.GroupCreationTests" tests="1" failures="0" timestamp="5 Apr 2014 07:27:55 GMT" time="7.116" errors="0">
  <testcase name="testValidGroupCreationWishValidData" time="7.116" classname="com.example.tests.GroupCreationTests"/>
</testsuite> <!-- com.example.tests.GroupCreationTests -->
