<?xml version="1.0" encoding="UTF-8"?>
<!-- Generated by org.testng.reporters.JUnitReportReporter -->
<testsuite hostname="VinnchenkoLI" name="com.example.tests.ContactCreationTests" tests="5" failures="0" timestamp="30 Mar 2014 05:04:42 GMT" time="22.386" errors="0">
  <testcase name="testContactCreationWithValidData" time="4.520" classname="com.example.tests.ContactCreationTests"/>
  <testcase name="testContactCreationWithValidData" time="4.471" classname="com.example.tests.ContactCreationTests"/>
  <testcase name="testContactCreationWithValidData" time="4.293" classname="com.example.tests.ContactCreationTests"/>
  <testcase name="testContactCreationWithValidData" time="4.734" classname="com.example.tests.ContactCreationTests"/>
  <testcase name="testContactCreationWithValidData" time="4.368" classname="com.example.tests.ContactCreationTests"/>
</testsuite> <!-- com.example.tests.ContactCreationTests -->
